<?xml version="1.0" encoding="UTF-8"?>
<!-- Generated by org.testng.reporters.JUnitReportReporter -->
<testsuite hostname="5GW7L12" name="com.adeveloperdiry.ApplicationTests" tests="1" failures="0" timestamp="18 Apr 2017 20:52:30 GMT" time="8.063" errors="0">
  <testcase name="verifySearch" time="8.063" classname="com.adeveloperdiry.ApplicationTests"/>
</testsuite> <!-- com.adeveloperdiry.ApplicationTests -->
